<?xml version="1.0" encoding="UTF-8"?>
<testng-results ignored="0" total="1" passed="1" failed="0" skipped="0">
  <reporter-output>
  </reporter-output>
  <suite started-at="2023-10-10T20:24:51 IST" name="Default suite" finished-at="2023-10-10T20:24:55 IST" duration-ms="3591">
    <groups>
    </groups>
    <test started-at="2023-10-10T20:24:51 IST" name="Default test" finished-at="2023-10-10T20:24:55 IST" duration-ms="3591">
      <class name="testp.Saucedemotest">
        <test-method is-config="true" signature="set()[pri:0, instance:testp.Saucedemotest@7b98f307]" started-at="2023-10-10T20:24:51 IST" name="set" finished-at="2023-10-10T20:24:53 IST" duration-ms="1926" status="PASS">
          <reporter-output>
          </reporter-output>
        </test-method> <!-- set -->
        <test-method is-config="true" signature="url()[pri:0, instance:testp.Saucedemotest@7b98f307]" started-at="2023-10-10T20:24:53 IST" name="url" finished-at="2023-10-10T20:24:53 IST" duration-ms="406" status="PASS">
          <reporter-output>
          </reporter-output>
        </test-method> <!-- url -->
        <test-method signature="test()[pri:0, instance:testp.Saucedemotest@7b98f307]" started-at="2023-10-10T20:24:53 IST" name="test" finished-at="2023-10-10T20:24:55 IST" duration-ms="1226" status="PASS">
          <reporter-output>
          </reporter-output>
        </test-method> <!-- test -->
      </class> <!-- testp.Saucedemotest -->
    </test> <!-- Default test -->
  </suite> <!-- Default suite -->
</testng-results>
